<?xml version="1.0" encoding="UTF-8"?>
<!-- Generated by org.testng.reporters.JUnitReportReporter -->
<testsuite hostname="LAPTOP-7MDQ4GKG" failures="0" tests="2" name="testSuite.LandingPageTest" time="4.196" errors="0" timestamp="17 Jan 2021 12:46:41 GMT" skipped="0">
  <testcase classname="testSuite.LandingPageTest" name="loginPage" time="4.010"/>
  <testcase classname="testSuite.LandingPageTest" name="ForgotPasswordDisplay" time="0.186"/>
</testsuite> <!-- testSuite.LandingPageTest -->
