<?xml version="1.0" encoding="UTF-8"?>
<!-- Generated by org.testng.reporters.JUnitReportReporter -->
<testsuite hostname="LAPTOP-7MDQ4GKG" failures="0" tests="2" name="Framework.LandingPageTest" time="4.035" errors="0" timestamp="17 Jan 2021 08:08:47 GMT" skipped="0">
  <testcase classname="Framework.LandingPageTest" name="loginPage" time="3.741"/>
  <testcase classname="Framework.LandingPageTest" name="ForgotPasswordDisplay" time="0.294"/>
</testsuite> <!-- Framework.LandingPageTest -->
