<?xml version="1.0" encoding="UTF-8"?>
<!-- Generated by org.testng.reporters.JUnitReportReporter -->
<testsuite hostname="LAPTOP-7MDQ4GKG" failures="0" tests="2" name="testSuite.LandingPageTest" time="4.507" errors="0" timestamp="2021-01-17T18:24:15 IST" skipped="0">
  <testcase classname="testSuite.LandingPageTest" name="ForgotPasswordDisplay" time="0.190"/>
  <system-out/>
  <testcase classname="testSuite.LandingPageTest" name="loginPage" time="4.317"/>
  <system-out/>
</testsuite> <!-- testSuite.LandingPageTest -->
